Build started 04/05/2015 16:19:06.
     1>Project "C:\Users\Simon\Documents\Repo\MindReader\MindReader\gtest\gtest.vcxproj" on node 2 (Build target(s)).
     1>ClCompile:
         C:\Program Files (x86)\Microsoft Visual Studio 12.0\VC\bin\CL.exe /c /ZI /nologo /W3 /WX- /sdl /Od /Oy- /D WIN32 /D _DEBUG /D _LIB /D _UNICODE /D UNICODE /Gm /EHsc /RTC1 /MDd /GS /fp:precise /Zc:wchar_t /Zc:forScope /Fo"Debug\\" /Fd"Debug\vc120.pdb" /Gd /TP /analyze- /errorReport:prompt "..\gtest-1.7.0\src\gtest-all.cc" "..\gtest-1.7.0\src\gtest_main.cc"
         gtest_main.cc
     1>c:\users\simon\documents\repo\mindreader\mindreader\gtest-1.7.0\src\gtest_main.cc(32): fatal error C1083: Cannot open include file: 'gtest/gtest.h': No such file or directory
         gtest-all.cc
     1>c:\users\simon\documents\repo\mindreader\mindreader\gtest-1.7.0\src\gtest-all.cc(39): fatal error C1083: Cannot open include file: 'gtest/gtest.h': No such file or directory
         Generating Code...
     1>Done Building Project "C:\Users\Simon\Documents\Repo\MindReader\MindReader\gtest\gtest.vcxproj" (Build target(s)) -- FAILED.

Build FAILED.

Time Elapsed 00:00:00.15
