Build started 04/05/2015 16:19:06.
     1>Project "C:\Users\Simon\Documents\Repo\MindReader\MindReader\parserAlu.simple.tests\parserAlu.simple.tests.vcxproj" on node 3 (Build target(s)).
     1>ClCompile:
         C:\Program Files (x86)\Microsoft Visual Studio 12.0\VC\bin\CL.exe /c /ZI /nologo /W3 /WX- /Od /Oy- /D WIN32 /D _DEBUG /D _CONSOLE /D _LIB /D _UNICODE /D UNICODE /Gm /EHsc /RTC1 /MDd /GS /fp:precise /Zc:wchar_t /Zc:forScope /Fo"Debug\\" /Fd"Debug\vc120.pdb" /Gd /TP /analyze- /errorReport:prompt parserAlu.simple.tests.cpp
         parserAlu.simple.tests.cpp
     1>c:\users\simon\documents\repo\mindreader\mindreader\parseralu.simple.tests\parseralu.simple.tests.cpp(1): fatal error C1083: Cannot open include file: 'gtest\gtest.h': No such file or directory
     1>Done Building Project "C:\Users\Simon\Documents\Repo\MindReader\MindReader\parserAlu.simple.tests\parserAlu.simple.tests.vcxproj" (Build target(s)) -- FAILED.

Build FAILED.

Time Elapsed 00:00:00.12
